<?xml version="1.0" encoding="UTF-8"?>
<!-- Generated by org.testng.reporters.JUnitReportReporter -->
<testsuite skipped="0" hostname="WSHOVUA01041" name="com.GST.TestEngine" tests="1" failures="0" timestamp="17 Oct 2017 08:02:08 GMT" time="117.836" errors="0">
  <testcase name="aPIAutomation" time="117.836" classname="com.GST.TestEngine"/>
</testsuite> <!-- com.GST.TestEngine -->
